<?xml version="1.0" encoding="UTF-8"?>
<testsuites><testsuite name="BackstopJS" tests="58"><testcase name=" ›› AdPlacement" classname=".adPlacement__default"/><testcase name=" ›› Button" classname=".button__default"/><testcase name=" ›› ChangeLog" classname=".changeLog__default"/><testcase name=" ›› CheckableGroup" classname=".checkableGroup__default"/><testcase name=" ›› Checkbox" classname=".checkbox__default"/><testcase name=" ›› CheckboxGroup" classname=".checkableGroup__default"/><testcase name=" ›› CheckboxTextInput" classname=".checkboxTextInput__default"/><testcase name=" ›› CodeEditor" classname=".codeEditor__default"/><testcase name=" ›› Column" classname=".column__default"/><testcase name=" ›› Datepicker" classname=".datepicker__default"/><testcase name=" ›› DimensionsInput" classname=".dimensionsInput__default"/><testcase name=" ›› DragNDrop" classname=".dragNDrop__default"/><testcase name=" ›› Fieldset" classname=".fieldset__default"/><testcase name=" ›› Form" classname=".form__default"/><testcase name=" ›› FlounderDropdown" classname=".flounderDropdown__default"/><testcase name=" ›› H1" classname=".h1__default"/><testcase name=" ›› H2" classname=".h2__default"/><testcase name=" ›› H3" classname=".h3__default"/><testcase name=" ›› H4" classname=".h4__default"/><testcase name=" ›› Icon" classname=".icon__default"/><testcase name=" ›› ValuedTextInput" classname=".valuedTextInput__default"/><testcase name=" ›› Uploader" classname=".uploader__default"/><testcase name=" ›› Tooltip" classname=".tooltip__default"/><testcase name=" ›› TextInputWithDropdown" classname=".textInputWithDropdown__default"/><testcase name=" ›› TextInput" classname=".textInput__default"/><testcase name=" ›› TextArea" classname=".textArea__default"/><testcase name=" ›› TagInput" classname=".tagInput__default"/><testcase name=" ›› Tag" classname=".tag__default"/><testcase name=" ›› Tabs" classname=".tabs__default"/><testcase name=" ›› TableRow" classname=".tableRow__default"/><testcase name=" ›› TableCell" classname=".tableCell__default"/><testcase name=" ›› Table" classname=".table__default"/><testcase name=" ›› TabButton" classname=".tabButton__default"/><testcase name=" ›› Tab" classname=".tab__default"/><testcase name=" ›› Stepper" classname=".stepper__default"/><testcase name=" ›› StatusIcon" classname=".statusIcon__default"/><testcase name=" ›› Sorter" classname=".sorter__default"/><testcase name=" ›› Section" classname=".section__default"/><testcase name=" ›› ScrollBox" classname=".scrollBox__default"/><testcase name=" ›› Row" classname=".row__default"/><testcase name=" ›› RadioWithGraphGroup" classname=".radioWithGraphGroup__default"/><testcase name=" ›› RadioWithGraph" classname=".radioWithGraph__default"/><testcase name=" ›› RadioGroup" classname=".checkableGroup__default"/><testcase name=" ›› Radio" classname=".radio__default"/><testcase name=" ›› ProgressIndicator" classname=".progressIndicator__default"/><testcase name=" ›› PasswordInput" classname=".passwordInput__default"/><testcase name=" ›› Paginator" classname=".paginator__default"/><testcase name=" ›› NavList" classname=".navList__default"/><testcase name=" ›› NavItem" classname=".navItem__default"/><testcase name=" ›› NavBar" classname=".navBar__default"/><testcase name=" ›› ModalDialog" classname=".modalDialog__default"/><testcase name=" ›› Module" classname=".module__default"/><testcase name=" ›› MessageBox" classname=".messageBox__default"/><testcase name=" ›› Label" classname=".label__default"/><testcase name=" ›› Logo" classname=".logo__default"/><testcase name=" ›› IconWithTooltip" classname=".iconWithTooltip__default"/><testcase name=" ›› IconToggle" classname=".iconToggle__default"/><testcase name=" ›› IconButton" classname=".iconButton__default"/></testsuite></testsuites>